# JRE version: OpenJDK Runtime Environment Temurin-17.0.5+8 (17.0.5+8) (build 17.0.5+8)
# Java VM: OpenJDK 64-Bit Server VM Temurin-17.0.5+8 (17.0.5+8, mixed mode, tiered, compressed oops, compressed class ptrs, parallel gc, windows-amd64)
GC Precious Log:
 CPUs: 4 total, 4 available
 Memory: 16269M
 Large Page Support: Disabled
 NUMA Support: Disabled
 Compressed Oops: Enabled (32-bit)
 Alignments: Space 512K, Generation 512K, Heap 2M
 Heap Min Capacity: 100M
 Heap Initial Capacity: 100M
 Heap Max Capacity: 1G
 Pre-touch: Disabled
 Parallel Workers: 4
Heap:
 PSYoungGen      total 8704K, used 1014K [0x00000000eab00000, 0x00000000ebc80000, 0x0000000100000000)
  eden space 7680K, 0% used [0x00000000eab00000,0x00000000eab00000,0x00000000eb280000)
  from space 1024K, 99% used [0x00000000eb380000,0x00000000eb47da10,0x00000000eb480000)
  to   space 5120K, 0% used [0x00000000eb780000,0x00000000eb780000,0x00000000ebc80000)
 ParOldGen       total 387072K, used 386671K [0x00000000c0000000, 0x00000000d7a00000, 0x00000000eab00000)
  object space 387072K, 99% used [0x00000000c0000000,0x00000000d799bc30,0x00000000d7a00000)
 Metaspace       used 86010K, committed 87104K, reserved 1130496K
  class space    used 8653K, committed 9152K, reserved 1048576K
GC Heap History (20 events):
Event: 2548.593 GC heap after
{Heap after GC invocations=3861 (full 61):
 PSYoungGen      total 9728K, used 1770K [0x00000000eab00000, 0x00000000eb880000, 0x0000000100000000)
  eden space 7680K, 0% used [0x00000000eab00000,0x00000000eab00000,0x00000000eb280000)
  from space 2048K, 86% used [0x00000000eb680000,0x00000000eb83a998,0x00000000eb880000)
  to   space 2560K, 0% used [0x00000000eb380000,0x00000000eb380000,0x00000000eb600000)
 ParOldGen       total 385024K, used 373869K [0x00000000c0000000, 0x00000000d7800000, 0x00000000eab00000)
  object space 385024K, 97% used [0x00000000c0000000,0x00000000d6d1b748,0x00000000d7800000)
 Metaspace       used 85996K, committed 87104K, reserved 1130496K
  class space    used 8653K, committed 9152K, reserved 1048576K
}
Event: 2548.992 GC heap before
{Heap before GC invocations=3862 (full 61):
 PSYoungGen      total 9728K, used 9450K [0x00000000eab00000, 0x00000000eb880000, 0x0000000100000000)
  eden space 7680K, 100% used [0x00000000eab00000,0x00000000eb280000,0x00000000eb280000)
  from space 2048K, 86% used [0x00000000eb680000,0x00000000eb83a998,0x00000000eb880000)
  to   space 2560K, 0% used [0x00000000eb380000,0x00000000eb380000,0x00000000eb600000)
 ParOldGen       total 385024K, used 373869K [0x00000000c0000000, 0x00000000d7800000, 0x00000000eab00000)
  object space 385024K, 97% used [0x00000000c0000000,0x00000000d6d1b748,0x00000000d7800000)
 Metaspace       used 85996K, committed 87104K, reserved 1130496K
  class space    used 8653K, committed 9152K, reserved 1048576K
}
Event: 2548.995 GC heap after
{Heap after GC invocations=3862 (full 61):
 PSYoungGen      total 10240K, used 2558K [0x00000000eab00000, 0x00000000ebd80000, 0x0000000100000000)
  eden space 7680K, 0% used [0x00000000eab00000,0x00000000eab00000,0x00000000eb280000)
  from space 2560K, 99% used [0x00000000eb380000,0x00000000eb5ff828,0x00000000eb600000)
  to   space 5632K, 0% used [0x00000000eb800000,0x00000000eb800000,0x00000000ebd80000)
 ParOldGen       total 385024K, used 376018K [0x00000000c0000000, 0x00000000d7800000, 0x00000000eab00000)
  object space 385024K, 97% used [0x00000000c0000000,0x00000000d6f34ad0,0x00000000d7800000)
 Metaspace       used 85996K, committed 87104K, reserved 1130496K
  class space    used 8653K, committed 9152K, reserved 1048576K
}
Event: 2552.228 GC heap before
{Heap before GC invocations=3863 (full 61):
 PSYoungGen      total 10240K, used 10237K [0x00000000eab00000, 0x00000000ebd80000, 0x0000000100000000)
  eden space 7680K, 99% used [0x00000000eab00000,0x00000000eb27ff98,0x00000000eb280000)
  from space 2560K, 99% used [0x00000000eb380000,0x00000000eb5ff828,0x00000000eb600000)
  to   space 5632K, 0% used [0x00000000eb800000,0x00000000eb800000,0x00000000ebd80000)
 ParOldGen       total 385024K, used 376018K [0x00000000c0000000, 0x00000000d7800000, 0x00000000eab00000)
  object space 385024K, 97% used [0x00000000c0000000,0x00000000d6f34ad0,0x00000000d7800000)
 Metaspace       used 85996K, committed 87104K, reserved 1130496K
  class space    used 8653K, committed 9152K, reserved 1048576K
}
Event: 2552.232 GC heap after
{Heap after GC invocations=3863 (full 61):
 PSYoungGen      total 11776K, used 3702K [0x00000000eab00000, 0x00000000ebc00000, 0x0000000100000000)
  eden space 7680K, 0% used [0x00000000eab00000,0x00000000eab00000,0x00000000eb280000)
  from space 4096K, 90% used [0x00000000eb800000,0x00000000ebb9da10,0x00000000ebc00000)
  to   space 4096K, 0% used [0x00000000eb400000,0x00000000eb400000,0x00000000eb800000)
 ParOldGen       total 385024K, used 376090K [0x00000000c0000000, 0x00000000d7800000, 0x00000000eab00000)
  object space 385024K, 97% used [0x00000000c0000000,0x00000000d6f46ad0,0x00000000d7800000)
 Metaspace       used 85996K, committed 87104K, reserved 1130496K
  class space    used 8653K, committed 9152K, reserved 1048576K
}
Event: 2552.467 GC heap before
{Heap before GC invocations=3864 (full 61):
 PSYoungGen      total 11776K, used 11382K [0x00000000eab00000, 0x00000000ebc00000, 0x0000000100000000)
  eden space 7680K, 99% used [0x00000000eab00000,0x00000000eb27ffe0,0x00000000eb280000)
  from space 4096K, 90% used [0x00000000eb800000,0x00000000ebb9da10,0x00000000ebc00000)
  to   space 4096K, 0% used [0x00000000eb400000,0x00000000eb400000,0x00000000eb800000)
 ParOldGen       total 385024K, used 376090K [0x00000000c0000000, 0x00000000d7800000, 0x00000000eab00000)
  object space 385024K, 97% used [0x00000000c0000000,0x00000000d6f46ad0,0x00000000d7800000)
 Metaspace       used 85996K, committed 87104K, reserved 1130496K
  class space    used 8653K, committed 9152K, reserved 1048576K
}
Event: 2552.471 GC heap after
{Heap after GC invocations=3864 (full 61):
 PSYoungGen      total 9216K, used 1472K [0x00000000eab00000, 0x00000000eb880000, 0x0000000100000000)
  eden space 7680K, 0% used [0x00000000eab00000,0x00000000eab00000,0x00000000eb280000)
  from space 1536K, 95% used [0x00000000eb400000,0x00000000eb570000,0x00000000eb580000)
  to   space 2560K, 0% used [0x00000000eb600000,0x00000000eb600000,0x00000000eb880000)
 ParOldGen       total 385024K, used 379707K [0x00000000c0000000, 0x00000000d7800000, 0x00000000eab00000)
  object space 385024K, 98% used [0x00000000c0000000,0x00000000d72cedf0,0x00000000d7800000)
 Metaspace       used 85996K, committed 87104K, reserved 1130496K
  class space    used 8653K, committed 9152K, reserved 1048576K
}
Event: 2557.889 GC heap before
{Heap before GC invocations=3865 (full 61):
 PSYoungGen      total 9216K, used 9151K [0x00000000eab00000, 0x00000000eb880000, 0x0000000100000000)
  eden space 7680K, 99% used [0x00000000eab00000,0x00000000eb27fff8,0x00000000eb280000)
  from space 1536K, 95% used [0x00000000eb400000,0x00000000eb570000,0x00000000eb580000)
  to   space 2560K, 0% used [0x00000000eb600000,0x00000000eb600000,0x00000000eb880000)
 ParOldGen       total 385024K, used 379707K [0x00000000c0000000, 0x00000000d7800000, 0x00000000eab00000)
  object space 385024K, 98% used [0x00000000c0000000,0x00000000d72cedf0,0x00000000d7800000)
 Metaspace       used 85996K, committed 87104K, reserved 1130496K
  class space    used 8653K, committed 9152K, reserved 1048576K
}
Event: 2557.893 GC heap after
{Heap after GC invocations=3865 (full 61):
 PSYoungGen      total 9216K, used 1158K [0x00000000eab00000, 0x00000000eb780000, 0x0000000100000000)
  eden space 7680K, 0% used [0x00000000eab00000,0x00000000eab00000,0x00000000eb280000)
  from space 1536K, 75% used [0x00000000eb600000,0x00000000eb721a00,0x00000000eb780000)
  to   space 1536K, 0% used [0x00000000eb400000,0x00000000eb400000,0x00000000eb580000)
 ParOldGen       total 385024K, used 381077K [0x00000000c0000000, 0x00000000d7800000, 0x00000000eab00000)
  object space 385024K, 98% used [0x00000000c0000000,0x00000000d7425710,0x00000000d7800000)
 Metaspace       used 85996K, committed 87104K, reserved 1130496K
  class space    used 8653K, committed 9152K, reserved 1048576K
}
Event: 2557.912 GC heap before
{Heap before GC invocations=3866 (full 61):
 PSYoungGen      total 9216K, used 8838K [0x00000000eab00000, 0x00000000eb780000, 0x0000000100000000)
  eden space 7680K, 100% used [0x00000000eab00000,0x00000000eb280000,0x00000000eb280000)
  from space 1536K, 75% used [0x00000000eb600000,0x00000000eb721a00,0x00000000eb780000)
  to   space 1536K, 0% used [0x00000000eb400000,0x00000000eb400000,0x00000000eb580000)
 ParOldGen       total 385024K, used 381077K [0x00000000c0000000, 0x00000000d7800000, 0x00000000eab00000)
  object space 385024K, 98% used [0x00000000c0000000,0x00000000d7425710,0x00000000d7800000)
 Metaspace       used 85996K, committed 87104K, reserved 1130496K
  class space    used 8653K, committed 9152K, reserved 1048576K
}
Event: 2557.915 GC heap after
{Heap after GC invocations=3866 (full 61):
 PSYoungGen      total 8704K, used 944K [0x00000000eab00000, 0x00000000eb680000, 0x0000000100000000)
  eden space 7680K, 0% used [0x00000000eab00000,0x00000000eab00000,0x00000000eb280000)
  from space 1024K, 92% used [0x00000000eb400000,0x00000000eb4ec010,0x00000000eb500000)
  to   space 1536K, 0% used [0x00000000eb500000,0x00000000eb500000,0x00000000eb680000)
 ParOldGen       total 385024K, used 381720K [0x00000000c0000000, 0x00000000d7800000, 0x00000000eab00000)
  object space 385024K, 99% used [0x00000000c0000000,0x00000000d74c6030,0x00000000d7800000)
 Metaspace       used 85996K, committed 87104K, reserved 1130496K
  class space    used 8653K, committed 9152K, reserved 1048576K
}
Event: 2853.521 GC heap before
{Heap before GC invocations=3867 (full 61):
 PSYoungGen      total 8704K, used 8624K [0x00000000eab00000, 0x00000000eb680000, 0x0000000100000000)
  eden space 7680K, 99% used [0x00000000eab00000,0x00000000eb27fff0,0x00000000eb280000)
  from space 1024K, 92% used [0x00000000eb400000,0x00000000eb4ec010,0x00000000eb500000)
  to   space 1536K, 0% used [0x00000000eb500000,0x00000000eb500000,0x00000000eb680000)
 ParOldGen       total 385024K, used 381720K [0x00000000c0000000, 0x00000000d7800000, 0x00000000eab00000)
  object space 385024K, 99% used [0x00000000c0000000,0x00000000d74c6030,0x00000000d7800000)
 Metaspace       used 86004K, committed 87104K, reserved 1130496K
  class space    used 8653K, committed 9152K, reserved 1048576K
}
Event: 2853.523 GC heap after
{Heap after GC invocations=3867 (full 61):
 PSYoungGen      total 8704K, used 624K [0x00000000eab00000, 0x00000000eb600000, 0x0000000100000000)
  eden space 7680K, 0% used [0x00000000eab00000,0x00000000eab00000,0x00000000eb280000)
  from space 1024K, 60% used [0x00000000eb500000,0x00000000eb59c010,0x00000000eb600000)
  to   space 1024K, 0% used [0x00000000eb400000,0x00000000eb400000,0x00000000eb500000)
 ParOldGen       total 385024K, used 382572K [0x00000000c0000000, 0x00000000d7800000, 0x00000000eab00000)
  object space 385024K, 99% used [0x00000000c0000000,0x00000000d759b270,0x00000000d7800000)
 Metaspace       used 86004K, committed 87104K, reserved 1130496K
  class space    used 8653K, committed 9152K, reserved 1048576K
}
Event: 2853.579 GC heap before
{Heap before GC invocations=3868 (full 61):
 PSYoungGen      total 8704K, used 8304K [0x00000000eab00000, 0x00000000eb600000, 0x0000000100000000)
  eden space 7680K, 100% used [0x00000000eab00000,0x00000000eb280000,0x00000000eb280000)
  from space 1024K, 60% used [0x00000000eb500000,0x00000000eb59c010,0x00000000eb600000)
  to   space 1024K, 0% used [0x00000000eb400000,0x00000000eb400000,0x00000000eb500000)
 ParOldGen       total 385024K, used 382572K [0x00000000c0000000, 0x00000000d7800000, 0x00000000eab00000)
  object space 385024K, 99% used [0x00000000c0000000,0x00000000d759b270,0x00000000d7800000)
 Metaspace       used 86008K, committed 87104K, reserved 1130496K
  class space    used 8653K, committed 9152K, reserved 1048576K
}
Event: 2853.583 GC heap after
{Heap after GC invocations=3868 (full 61):
 PSYoungGen      total 8704K, used 160K [0x00000000eab00000, 0x00000000eb580000, 0x0000000100000000)
  eden space 7680K, 0% used [0x00000000eab00000,0x00000000eab00000,0x00000000eb280000)
  from space 1024K, 15% used [0x00000000eb400000,0x00000000eb428000,0x00000000eb500000)
  to   space 512K, 0% used [0x00000000eb500000,0x00000000eb500000,0x00000000eb580000)
 ParOldGen       total 385024K, used 383158K [0x00000000c0000000, 0x00000000d7800000, 0x00000000eab00000)
  object space 385024K, 99% used [0x00000000c0000000,0x00000000d762db90,0x00000000d7800000)
 Metaspace       used 86008K, committed 87104K, reserved 1130496K
  class space    used 8653K, committed 9152K, reserved 1048576K
}
Event: 2894.363 GC heap before
{Heap before GC invocations=3869 (full 61):
 PSYoungGen      total 8704K, used 7840K [0x00000000eab00000, 0x00000000eb580000, 0x0000000100000000)
  eden space 7680K, 100% used [0x00000000eab00000,0x00000000eb280000,0x00000000eb280000)
  from space 1024K, 15% used [0x00000000eb400000,0x00000000eb428000,0x00000000eb500000)
  to   space 512K, 0% used [0x00000000eb500000,0x00000000eb500000,0x00000000eb580000)
 ParOldGen       total 385024K, used 383158K [0x00000000c0000000, 0x00000000d7800000, 0x00000000eab00000)
  object space 385024K, 99% used [0x00000000c0000000,0x00000000d762db90,0x00000000d7800000)
 Metaspace       used 86009K, committed 87104K, reserved 1130496K
  class space    used 8653K, committed 9152K, reserved 1048576K
}
Event: 2894.365 GC heap after
{Heap after GC invocations=3869 (full 61):
 PSYoungGen      total 8192K, used 512K [0x00000000eab00000, 0x00000000eb580000, 0x0000000100000000)
  eden space 7680K, 0% used [0x00000000eab00000,0x00000000eab00000,0x00000000eb280000)
  from space 512K, 100% used [0x00000000eb500000,0x00000000eb580000,0x00000000eb580000)
  to   space 1024K, 0% used [0x00000000eb380000,0x00000000eb380000,0x00000000eb480000)
 ParOldGen       total 385024K, used 383257K [0x00000000c0000000, 0x00000000d7800000, 0x00000000eab00000)
  object space 385024K, 99% used [0x00000000c0000000,0x00000000d7646490,0x00000000d7800000)
 Metaspace       used 86009K, committed 87104K, reserved 1130496K
  class space    used 8653K, committed 9152K, reserved 1048576K
}
Event: 2894.589 GC heap before
{Heap before GC invocations=3870 (full 61):
 PSYoungGen      total 8192K, used 8192K [0x00000000eab00000, 0x00000000eb580000, 0x0000000100000000)
  eden space 7680K, 100% used [0x00000000eab00000,0x00000000eb280000,0x00000000eb280000)
  from space 512K, 100% used [0x00000000eb500000,0x00000000eb580000,0x00000000eb580000)
  to   space 1024K, 0% used [0x00000000eb380000,0x00000000eb380000,0x00000000eb480000)
 ParOldGen       total 385024K, used 383257K [0x00000000c0000000, 0x00000000d7800000, 0x00000000eab00000)
  object space 385024K, 99% used [0x00000000c0000000,0x00000000d7646490,0x00000000d7800000)
 Metaspace       used 86010K, committed 87104K, reserved 1130496K
  class space    used 8653K, committed 9152K, reserved 1048576K
}
Event: 2894.594 GC heap after
{Heap after GC invocations=3870 (full 61):
 PSYoungGen      total 8704K, used 1014K [0x00000000eab00000, 0x00000000ebc80000, 0x0000000100000000)
  eden space 7680K, 0% used [0x00000000eab00000,0x00000000eab00000,0x00000000eb280000)
  from space 1024K, 99% used [0x00000000eb380000,0x00000000eb47da10,0x00000000eb480000)
  to   space 5120K, 0% used [0x00000000eb780000,0x00000000eb780000,0x00000000ebc80000)
 ParOldGen       total 387072K, used 386671K [0x00000000c0000000, 0x00000000d7a00000, 0x00000000eab00000)
  object space 387072K, 99% used [0x00000000c0000000,0x00000000d799bc30,0x00000000d7a00000)
 Metaspace       used 86010K, committed 87104K, reserved 1130496K
  class space    used 8653K, committed 9152K, reserved 1048576K
}
Event: 2894.594 GC heap before
{Heap before GC invocations=3871 (full 62):
 PSYoungGen      total 8704K, used 1014K [0x00000000eab00000, 0x00000000ebc80000, 0x0000000100000000)
  eden space 7680K, 0% used [0x00000000eab00000,0x00000000eab00000,0x00000000eb280000)
  from space 1024K, 99% used [0x00000000eb380000,0x00000000eb47da10,0x00000000eb480000)
  to   space 5120K, 0% used [0x00000000eb780000,0x00000000eb780000,0x00000000ebc80000)
 ParOldGen       total 387072K, used 386671K [0x00000000c0000000, 0x00000000d7a00000, 0x00000000eab00000)
  object space 387072K, 99% used [0x00000000c0000000,0x00000000d799bc30,0x00000000d7a00000)
 Metaspace       used 86010K, committed 87104K, reserved 1130496K
  class space    used 8653K, committed 9152K, reserved 1048576K
}

