# JRE version: OpenJDK Runtime Environment Temurin-17.0.5+8 (17.0.5+8) (build 17.0.5+8)
# Java VM: OpenJDK 64-Bit Server VM Temurin-17.0.5+8 (17.0.5+8, mixed mode, tiered, compressed oops, compressed class ptrs, parallel gc, windows-amd64)
GC Precious Log:
 CPUs: 4 total, 4 available
 Memory: 16269M
 Large Page Support: Disabled
 NUMA Support: Disabled
 Compressed Oops: Enabled (32-bit)
 Alignments: Space 512K, Generation 512K, Heap 2M
 Heap Min Capacity: 100M
 Heap Initial Capacity: 100M
 Heap Max Capacity: 2G
 Pre-touch: Disabled
 Parallel Workers: 4
Heap:
 PSYoungGen      total 5632K, used 2545K [0x00000000d5580000, 0x00000000d6380000, 0x0000000100000000)
  eden space 3072K, 0% used [0x00000000d5580000,0x00000000d5580000,0x00000000d5880000)
  from space 2560K, 99% used [0x00000000d5880000,0x00000000d5afc410,0x00000000d5b00000)
  to   space 5120K, 0% used [0x00000000d5e80000,0x00000000d5e80000,0x00000000d6380000)
 ParOldGen       total 167936K, used 166128K [0x0000000080000000, 0x000000008a400000, 0x00000000d5580000)
  object space 167936K, 98% used [0x0000000080000000,0x000000008a23c258,0x000000008a400000)
 Metaspace       used 76776K, committed 77888K, reserved 1122304K
  class space    used 7828K, committed 8320K, reserved 1048576K
GC Heap History (20 events):
Event: 1020.697 GC heap after
{Heap after GC invocations=825 (full 11):
 PSYoungGen      total 2560K, used 96K [0x00000000d5580000, 0x00000000d5980000, 0x0000000100000000)
  eden space 2048K, 0% used [0x00000000d5580000,0x00000000d5580000,0x00000000d5780000)
  from space 512K, 18% used [0x00000000d5900000,0x00000000d5918000,0x00000000d5980000)
  to   space 512K, 0% used [0x00000000d5880000,0x00000000d5880000,0x00000000d5900000)
 ParOldGen       total 167936K, used 153516K [0x0000000080000000, 0x000000008a400000, 0x00000000d5580000)
  object space 167936K, 91% used [0x0000000080000000,0x00000000895eb378,0x000000008a400000)
 Metaspace       used 76493K, committed 77568K, reserved 1122304K
  class space    used 7782K, committed 8256K, reserved 1048576K
}
Event: 1022.583 GC heap before
{Heap before GC invocations=826 (full 11):
 PSYoungGen      total 2560K, used 2144K [0x00000000d5580000, 0x00000000d5980000, 0x0000000100000000)
  eden space 2048K, 100% used [0x00000000d5580000,0x00000000d5780000,0x00000000d5780000)
  from space 512K, 18% used [0x00000000d5900000,0x00000000d5918000,0x00000000d5980000)
  to   space 512K, 0% used [0x00000000d5880000,0x00000000d5880000,0x00000000d5900000)
 ParOldGen       total 167936K, used 153516K [0x0000000080000000, 0x000000008a400000, 0x00000000d5580000)
  object space 167936K, 91% used [0x0000000080000000,0x00000000895eb378,0x000000008a400000)
 Metaspace       used 76605K, committed 77696K, reserved 1122304K
  class space    used 7804K, committed 8320K, reserved 1048576K
}
Event: 1022.585 GC heap after
{Heap after GC invocations=826 (full 11):
 PSYoungGen      total 2560K, used 96K [0x00000000d5580000, 0x00000000d5980000, 0x0000000100000000)
  eden space 2048K, 0% used [0x00000000d5580000,0x00000000d5580000,0x00000000d5780000)
  from space 512K, 18% used [0x00000000d5880000,0x00000000d5898000,0x00000000d5900000)
  to   space 512K, 0% used [0x00000000d5900000,0x00000000d5900000,0x00000000d5980000)
 ParOldGen       total 167936K, used 153532K [0x0000000080000000, 0x000000008a400000, 0x00000000d5580000)
  object space 167936K, 91% used [0x0000000080000000,0x00000000895ef378,0x000000008a400000)
 Metaspace       used 76605K, committed 77696K, reserved 1122304K
  class space    used 7804K, committed 8320K, reserved 1048576K
}
Event: 1022.631 GC heap before
{Heap before GC invocations=827 (full 11):
 PSYoungGen      total 2560K, used 1738K [0x00000000d5580000, 0x00000000d5980000, 0x0000000100000000)
  eden space 2048K, 80% used [0x00000000d5580000,0x00000000d571ab80,0x00000000d5780000)
  from space 512K, 18% used [0x00000000d5880000,0x00000000d5898000,0x00000000d5900000)
  to   space 512K, 0% used [0x00000000d5900000,0x00000000d5900000,0x00000000d5980000)
 ParOldGen       total 167936K, used 153532K [0x0000000080000000, 0x000000008a400000, 0x00000000d5580000)
  object space 167936K, 91% used [0x0000000080000000,0x00000000895ef378,0x000000008a400000)
 Metaspace       used 76776K, committed 77888K, reserved 1122304K
  class space    used 7828K, committed 8320K, reserved 1048576K
}
Event: 1022.632 GC heap after
{Heap after GC invocations=827 (full 11):
 PSYoungGen      total 2560K, used 128K [0x00000000d5580000, 0x00000000d5980000, 0x0000000100000000)
  eden space 2048K, 0% used [0x00000000d5580000,0x00000000d5580000,0x00000000d5780000)
  from space 512K, 25% used [0x00000000d5900000,0x00000000d5920000,0x00000000d5980000)
  to   space 512K, 0% used [0x00000000d5880000,0x00000000d5880000,0x00000000d5900000)
 ParOldGen       total 167936K, used 153588K [0x0000000080000000, 0x000000008a400000, 0x00000000d5580000)
  object space 167936K, 91% used [0x0000000080000000,0x00000000895fd378,0x000000008a400000)
 Metaspace       used 76776K, committed 77888K, reserved 1122304K
  class space    used 7828K, committed 8320K, reserved 1048576K
}
Event: 1022.634 GC heap before
{Heap before GC invocations=828 (full 11):
 PSYoungGen      total 2560K, used 2175K [0x00000000d5580000, 0x00000000d5980000, 0x0000000100000000)
  eden space 2048K, 99% used [0x00000000d5580000,0x00000000d577ffe0,0x00000000d5780000)
  from space 512K, 25% used [0x00000000d5900000,0x00000000d5920000,0x00000000d5980000)
  to   space 512K, 0% used [0x00000000d5880000,0x00000000d5880000,0x00000000d5900000)
 ParOldGen       total 167936K, used 153588K [0x0000000080000000, 0x000000008a400000, 0x00000000d5580000)
  object space 167936K, 91% used [0x0000000080000000,0x00000000895fd378,0x000000008a400000)
 Metaspace       used 76776K, committed 77888K, reserved 1122304K
  class space    used 7828K, committed 8320K, reserved 1048576K
}
Event: 1022.636 GC heap after
{Heap after GC invocations=828 (full 11):
 PSYoungGen      total 3072K, used 493K [0x00000000d5580000, 0x00000000d5d00000, 0x0000000100000000)
  eden space 2560K, 0% used [0x00000000d5580000,0x00000000d5580000,0x00000000d5800000)
  from space 512K, 96% used [0x00000000d5880000,0x00000000d58fb770,0x00000000d5900000)
  to   space 2560K, 0% used [0x00000000d5a80000,0x00000000d5a80000,0x00000000d5d00000)
 ParOldGen       total 167936K, used 155114K [0x0000000080000000, 0x000000008a400000, 0x00000000d5580000)
  object space 167936K, 92% used [0x0000000080000000,0x000000008977aae8,0x000000008a400000)
 Metaspace       used 76776K, committed 77888K, reserved 1122304K
  class space    used 7828K, committed 8320K, reserved 1048576K
}
Event: 1022.641 GC heap before
{Heap before GC invocations=829 (full 11):
 PSYoungGen      total 3072K, used 3053K [0x00000000d5580000, 0x00000000d5d00000, 0x0000000100000000)
  eden space 2560K, 99% used [0x00000000d5580000,0x00000000d57fffd8,0x00000000d5800000)
  from space 512K, 96% used [0x00000000d5880000,0x00000000d58fb770,0x00000000d5900000)
  to   space 2560K, 0% used [0x00000000d5a80000,0x00000000d5a80000,0x00000000d5d00000)
 ParOldGen       total 167936K, used 155114K [0x0000000080000000, 0x000000008a400000, 0x00000000d5580000)
  object space 167936K, 92% used [0x0000000080000000,0x000000008977aae8,0x000000008a400000)
 Metaspace       used 76776K, committed 77888K, reserved 1122304K
  class space    used 7828K, committed 8320K, reserved 1048576K
}
Event: 1022.644 GC heap after
{Heap after GC invocations=829 (full 11):
 PSYoungGen      total 4608K, used 2560K [0x00000000d5580000, 0x00000000d5e80000, 0x0000000100000000)
  eden space 2048K, 0% used [0x00000000d5580000,0x00000000d5580000,0x00000000d5780000)
  from space 2560K, 100% used [0x00000000d5a80000,0x00000000d5d00000,0x00000000d5d00000)
  to   space 3072K, 0% used [0x00000000d5780000,0x00000000d5780000,0x00000000d5a80000)
 ParOldGen       total 167936K, used 155624K [0x0000000080000000, 0x000000008a400000, 0x00000000d5580000)
  object space 167936K, 92% used [0x0000000080000000,0x00000000897fa258,0x000000008a400000)
 Metaspace       used 76776K, committed 77888K, reserved 1122304K
  class space    used 7828K, committed 8320K, reserved 1048576K
}
Event: 1022.649 GC heap before
{Heap before GC invocations=830 (full 11):
 PSYoungGen      total 4608K, used 4608K [0x00000000d5580000, 0x00000000d5e80000, 0x0000000100000000)
  eden space 2048K, 100% used [0x00000000d5580000,0x00000000d5780000,0x00000000d5780000)
  from space 2560K, 100% used [0x00000000d5a80000,0x00000000d5d00000,0x00000000d5d00000)
  to   space 3072K, 0% used [0x00000000d5780000,0x00000000d5780000,0x00000000d5a80000)
 ParOldGen       total 167936K, used 155624K [0x0000000080000000, 0x000000008a400000, 0x00000000d5580000)
  object space 167936K, 92% used [0x0000000080000000,0x00000000897fa258,0x000000008a400000)
 Metaspace       used 76776K, committed 77888K, reserved 1122304K
  class space    used 7828K, committed 8320K, reserved 1048576K
}
Event: 1022.652 GC heap after
{Heap after GC invocations=830 (full 11):
 PSYoungGen      total 5120K, used 2080K [0x00000000d5580000, 0x00000000d5d00000, 0x0000000100000000)
  eden space 2048K, 0% used [0x00000000d5580000,0x00000000d5580000,0x00000000d5780000)
  from space 3072K, 67% used [0x00000000d5780000,0x00000000d5988000,0x00000000d5a80000)
  to   space 2560K, 0% used [0x00000000d5a80000,0x00000000d5a80000,0x00000000d5d00000)
 ParOldGen       total 167936K, used 158144K [0x0000000080000000, 0x000000008a400000, 0x00000000d5580000)
  object space 167936K, 94% used [0x0000000080000000,0x0000000089a70258,0x000000008a400000)
 Metaspace       used 76776K, committed 77888K, reserved 1122304K
  class space    used 7828K, committed 8320K, reserved 1048576K
}
Event: 1022.657 GC heap before
{Heap before GC invocations=831 (full 11):
 PSYoungGen      total 5120K, used 4128K [0x00000000d5580000, 0x00000000d5d00000, 0x0000000100000000)
  eden space 2048K, 100% used [0x00000000d5580000,0x00000000d5780000,0x00000000d5780000)
  from space 3072K, 67% used [0x00000000d5780000,0x00000000d5988000,0x00000000d5a80000)
  to   space 2560K, 0% used [0x00000000d5a80000,0x00000000d5a80000,0x00000000d5d00000)
 ParOldGen       total 167936K, used 158144K [0x0000000080000000, 0x000000008a400000, 0x00000000d5580000)
  object space 167936K, 94% used [0x0000000080000000,0x0000000089a70258,0x000000008a400000)
 Metaspace       used 76776K, committed 77888K, reserved 1122304K
  class space    used 7828K, committed 8320K, reserved 1048576K
}
Event: 1022.661 GC heap after
{Heap after GC invocations=831 (full 11):
 PSYoungGen      total 5120K, used 2080K [0x00000000d5580000, 0x00000000d5d00000, 0x0000000100000000)
  eden space 2560K, 0% used [0x00000000d5580000,0x00000000d5580000,0x00000000d5800000)
  from space 2560K, 81% used [0x00000000d5a80000,0x00000000d5c88000,0x00000000d5d00000)
  to   space 2560K, 0% used [0x00000000d5800000,0x00000000d5800000,0x00000000d5a80000)
 ParOldGen       total 167936K, used 160184K [0x0000000080000000, 0x000000008a400000, 0x00000000d5580000)
  object space 167936K, 95% used [0x0000000080000000,0x0000000089c6e258,0x000000008a400000)
 Metaspace       used 76776K, committed 77888K, reserved 1122304K
  class space    used 7828K, committed 8320K, reserved 1048576K
}
Event: 1022.669 GC heap before
{Heap before GC invocations=832 (full 11):
 PSYoungGen      total 5120K, used 4640K [0x00000000d5580000, 0x00000000d5d00000, 0x0000000100000000)
  eden space 2560K, 100% used [0x00000000d5580000,0x00000000d5800000,0x00000000d5800000)
  from space 2560K, 81% used [0x00000000d5a80000,0x00000000d5c88000,0x00000000d5d00000)
  to   space 2560K, 0% used [0x00000000d5800000,0x00000000d5800000,0x00000000d5a80000)
 ParOldGen       total 167936K, used 160184K [0x0000000080000000, 0x000000008a400000, 0x00000000d5580000)
  object space 167936K, 95% used [0x0000000080000000,0x0000000089c6e258,0x000000008a400000)
 Metaspace       used 76776K, committed 77888K, reserved 1122304K
  class space    used 7828K, committed 8320K, reserved 1048576K
}
Event: 1022.672 GC heap after
{Heap after GC invocations=832 (full 11):
 PSYoungGen      total 5120K, used 2256K [0x00000000d5580000, 0x00000000d5d80000, 0x0000000100000000)
  eden space 2560K, 0% used [0x00000000d5580000,0x00000000d5580000,0x00000000d5800000)
  from space 2560K, 88% used [0x00000000d5800000,0x00000000d5a34000,0x00000000d5a80000)
  to   space 2560K, 0% used [0x00000000d5b00000,0x00000000d5b00000,0x00000000d5d80000)
 ParOldGen       total 167936K, used 162224K [0x0000000080000000, 0x000000008a400000, 0x00000000d5580000)
  object space 167936K, 96% used [0x0000000080000000,0x0000000089e6c258,0x000000008a400000)
 Metaspace       used 76776K, committed 77888K, reserved 1122304K
  class space    used 7828K, committed 8320K, reserved 1048576K
}
Event: 1022.683 GC heap before
{Heap before GC invocations=833 (full 11):
 PSYoungGen      total 5120K, used 4463K [0x00000000d5580000, 0x00000000d5d80000, 0x0000000100000000)
  eden space 2560K, 86% used [0x00000000d5580000,0x00000000d57a7d58,0x00000000d5800000)
  from space 2560K, 88% used [0x00000000d5800000,0x00000000d5a34000,0x00000000d5a80000)
  to   space 2560K, 0% used [0x00000000d5b00000,0x00000000d5b00000,0x00000000d5d80000)
 ParOldGen       total 167936K, used 162224K [0x0000000080000000, 0x000000008a400000, 0x00000000d5580000)
  object space 167936K, 96% used [0x0000000080000000,0x0000000089e6c258,0x000000008a400000)
 Metaspace       used 76776K, committed 77888K, reserved 1122304K
  class space    used 7828K, committed 8320K, reserved 1048576K
}
Event: 1022.686 GC heap after
{Heap after GC invocations=833 (full 11):
 PSYoungGen      total 5632K, used 2208K [0x00000000d5580000, 0x00000000d5d80000, 0x0000000100000000)
  eden space 3072K, 0% used [0x00000000d5580000,0x00000000d5580000,0x00000000d5880000)
  from space 2560K, 86% used [0x00000000d5b00000,0x00000000d5d28000,0x00000000d5d80000)
  to   space 2560K, 0% used [0x00000000d5880000,0x00000000d5880000,0x00000000d5b00000)
 ParOldGen       total 167936K, used 164112K [0x0000000080000000, 0x000000008a400000, 0x00000000d5580000)
  object space 167936K, 97% used [0x0000000080000000,0x000000008a044258,0x000000008a400000)
 Metaspace       used 76776K, committed 77888K, reserved 1122304K
  class space    used 7828K, committed 8320K, reserved 1048576K
}
Event: 1022.733 GC heap before
{Heap before GC invocations=834 (full 11):
 PSYoungGen      total 5632K, used 5280K [0x00000000d5580000, 0x00000000d5d80000, 0x0000000100000000)
  eden space 3072K, 100% used [0x00000000d5580000,0x00000000d5880000,0x00000000d5880000)
  from space 2560K, 86% used [0x00000000d5b00000,0x00000000d5d28000,0x00000000d5d80000)
  to   space 2560K, 0% used [0x00000000d5880000,0x00000000d5880000,0x00000000d5b00000)
 ParOldGen       total 167936K, used 164112K [0x0000000080000000, 0x000000008a400000, 0x00000000d5580000)
  object space 167936K, 97% used [0x0000000080000000,0x000000008a044258,0x000000008a400000)
 Metaspace       used 76776K, committed 77888K, reserved 1122304K
  class space    used 7828K, committed 8320K, reserved 1048576K
}
Event: 1022.737 GC heap after
{Heap after GC invocations=834 (full 11):
 PSYoungGen      total 5632K, used 2545K [0x00000000d5580000, 0x00000000d6380000, 0x0000000100000000)
  eden space 3072K, 0% used [0x00000000d5580000,0x00000000d5580000,0x00000000d5880000)
  from space 2560K, 99% used [0x00000000d5880000,0x00000000d5afc410,0x00000000d5b00000)
  to   space 5120K, 0% used [0x00000000d5e80000,0x00000000d5e80000,0x00000000d6380000)
 ParOldGen       total 167936K, used 166128K [0x0000000080000000, 0x000000008a400000, 0x00000000d5580000)
  object space 167936K, 98% used [0x0000000080000000,0x000000008a23c258,0x000000008a400000)
 Metaspace       used 76776K, committed 77888K, reserved 1122304K
  class space    used 7828K, committed 8320K, reserved 1048576K
}
Event: 1022.737 GC heap before
{Heap before GC invocations=835 (full 12):
 PSYoungGen      total 5632K, used 2545K [0x00000000d5580000, 0x00000000d6380000, 0x0000000100000000)
  eden space 3072K, 0% used [0x00000000d5580000,0x00000000d5580000,0x00000000d5880000)
  from space 2560K, 99% used [0x00000000d5880000,0x00000000d5afc410,0x00000000d5b00000)
  to   space 5120K, 0% used [0x00000000d5e80000,0x00000000d5e80000,0x00000000d6380000)
 ParOldGen       total 167936K, used 166128K [0x0000000080000000, 0x000000008a400000, 0x00000000d5580000)
  object space 167936K, 98% used [0x0000000080000000,0x000000008a23c258,0x000000008a400000)
 Metaspace       used 76776K, committed 77888K, reserved 1122304K
  class space    used 7828K, committed 8320K, reserved 1048576K
}

